1721236014.207522 client started (48419): version 3.4, socket /private/tmp/tmux-501/default, protocol 8
1721236014.207618 on Darwin 23.2.0 Darwin Kernel Version 23.2.0: Wed Nov 15 21:55:06 PST 2023; root:xnu-10002.61.3~2/RELEASE_ARM64_T6020
1721236014.207637 using libevent 2.1.12-stable select
1721236014.207673 using utf8proc 2.9.0
1721236014.207680 using ncurses 6.5 20240427
1721236014.207702 flags are 0x10010000
1721236014.207710 socket is /private/tmp/tmux-501/default
1721236014.207723 trying connect
1721236014.207787 add peer 0x138008000: 6 (0x0)
1721236014.209946 sending message 100 to peer 0x138008000 (4 bytes)
1721236014.209964 sending message 111 to peer 0x138008000 (8 bytes)
1721236014.209971 sending message 101 to peer 0x138008000 (16 bytes)
1721236014.209977 sending message 109 to peer 0x138008000 (4 bytes)
1721236014.209984 sending message 102 to peer 0x138008000 (13 bytes)
1721236014.209990 sending message 108 to peer 0x138008000 (26 bytes)
1721236014.209996 sending message 112 to peer 0x138008000 (70 bytes)
1721236014.210002 sending message 112 to peer 0x138008000 (5 bytes)
1721236014.210008 sending message 112 to peer 0x138008000 (5 bytes)
1721236014.210015 sending message 112 to peer 0x138008000 (6 bytes)
1721236014.210020 sending message 112 to peer 0x138008000 (6 bytes)
1721236014.210026 sending message 112 to peer 0x138008000 (11 bytes)
1721236014.210032 sending message 112 to peer 0x138008000 (10 bytes)
1721236014.210038 sending message 112 to peer 0x138008000 (13 bytes)
1721236014.210044 sending message 112 to peer 0x138008000 (13 bytes)
1721236014.210051 sending message 112 to peer 0x138008000 (18 bytes)
1721236014.210057 sending message 112 to peer 0x138008000 (11 bytes)
1721236014.210063 sending message 112 to peer 0x138008000 (21 bytes)
1721236014.210069 sending message 112 to peer 0x138008000 (13 bytes)
1721236014.210075 sending message 112 to peer 0x138008000 (7 bytes)
1721236014.210081 sending message 112 to peer 0x138008000 (13 bytes)
1721236014.210087 sending message 112 to peer 0x138008000 (7 bytes)
1721236014.210093 sending message 112 to peer 0x138008000 (13 bytes)
1721236014.210099 sending message 112 to peer 0x138008000 (9 bytes)
1721236014.210105 sending message 112 to peer 0x138008000 (21 bytes)
1721236014.210111 sending message 112 to peer 0x138008000 (13 bytes)
1721236014.210117 sending message 112 to peer 0x138008000 (8 bytes)
1721236014.210123 sending message 112 to peer 0x138008000 (12 bytes)
1721236014.210129 sending message 112 to peer 0x138008000 (13 bytes)
1721236014.210135 sending message 112 to peer 0x138008000 (9 bytes)
1721236014.210140 sending message 112 to peer 0x138008000 (9 bytes)
1721236014.210146 sending message 112 to peer 0x138008000 (12 bytes)
1721236014.210152 sending message 112 to peer 0x138008000 (8 bytes)
1721236014.210158 sending message 112 to peer 0x138008000 (7 bytes)
1721236014.210164 sending message 112 to peer 0x138008000 (7 bytes)
1721236014.210170 sending message 112 to peer 0x138008000 (9 bytes)
1721236014.210176 sending message 112 to peer 0x138008000 (13 bytes)
1721236014.210182 sending message 112 to peer 0x138008000 (9 bytes)
1721236014.210188 sending message 112 to peer 0x138008000 (15 bytes)
1721236014.210194 sending message 112 to peer 0x138008000 (13 bytes)
1721236014.210200 sending message 112 to peer 0x138008000 (12 bytes)
1721236014.210205 sending message 112 to peer 0x138008000 (8 bytes)
1721236014.210211 sending message 112 to peer 0x138008000 (14 bytes)
1721236014.210217 sending message 112 to peer 0x138008000 (9 bytes)
1721236014.210223 sending message 112 to peer 0x138008000 (10 bytes)
1721236014.210229 sending message 112 to peer 0x138008000 (10 bytes)
1721236014.210235 sending message 112 to peer 0x138008000 (10 bytes)
1721236014.210241 sending message 112 to peer 0x138008000 (10 bytes)
1721236014.210247 sending message 112 to peer 0x138008000 (11 bytes)
1721236014.210252 sending message 112 to peer 0x138008000 (10 bytes)
1721236014.210258 sending message 112 to peer 0x138008000 (8 bytes)
1721236014.210264 sending message 112 to peer 0x138008000 (11 bytes)
1721236014.210284 sending message 112 to peer 0x138008000 (11 bytes)
1721236014.210289 sending message 112 to peer 0x138008000 (11 bytes)
1721236014.210293 sending message 112 to peer 0x138008000 (8 bytes)
1721236014.210297 sending message 112 to peer 0x138008000 (8 bytes)
1721236014.210301 sending message 112 to peer 0x138008000 (8 bytes)
1721236014.210305 sending message 112 to peer 0x138008000 (10 bytes)
1721236014.210310 sending message 112 to peer 0x138008000 (10 bytes)
1721236014.210314 sending message 112 to peer 0x138008000 (10 bytes)
1721236014.210318 sending message 112 to peer 0x138008000 (10 bytes)
1721236014.210322 sending message 112 to peer 0x138008000 (10 bytes)
1721236014.210326 sending message 112 to peer 0x138008000 (11 bytes)
1721236014.210330 sending message 112 to peer 0x138008000 (11 bytes)
1721236014.210334 sending message 112 to peer 0x138008000 (10 bytes)
1721236014.210338 sending message 112 to peer 0x138008000 (9 bytes)
1721236014.210343 sending message 112 to peer 0x138008000 (9 bytes)
1721236014.210347 sending message 112 to peer 0x138008000 (12 bytes)
1721236014.210351 sending message 112 to peer 0x138008000 (9 bytes)
1721236014.210355 sending message 112 to peer 0x138008000 (6 bytes)
1721236014.210359 sending message 112 to peer 0x138008000 (13 bytes)
1721236014.210364 sending message 112 to peer 0x138008000 (8 bytes)
1721236014.210368 sending message 112 to peer 0x138008000 (15 bytes)
1721236014.210372 sending message 112 to peer 0x138008000 (13 bytes)
1721236014.210376 sending message 112 to peer 0x138008000 (70 bytes)
1721236014.210380 sending message 112 to peer 0x138008000 (69 bytes)
1721236014.210384 sending message 112 to peer 0x138008000 (10 bytes)
1721236014.210388 sending message 112 to peer 0x138008000 (8 bytes)
1721236014.210393 sending message 112 to peer 0x138008000 (15 bytes)
1721236014.210397 sending message 112 to peer 0x138008000 (13 bytes)
1721236014.210401 sending message 112 to peer 0x138008000 (10 bytes)
1721236014.210405 sending message 112 to peer 0x138008000 (10 bytes)
1721236014.210409 sending message 112 to peer 0x138008000 (5 bytes)
1721236014.210413 sending message 112 to peer 0x138008000 (15 bytes)
1721236014.210422 sending message 104 to peer 0x138008000 (0 bytes)
1721236014.210427 sending message 110 to peer 0x138008000 (0 bytes)
1721236014.210432 sending message 107 to peer 0x138008000 (4 bytes)
1721236014.210436 sending message 105 to peer 0x138008000 (29 bytes)
1721236014.210440 sending message 105 to peer 0x138008000 (20 bytes)
1721236014.210444 sending message 105 to peer 0x138008000 (20 bytes)
1721236014.210448 sending message 105 to peer 0x138008000 (14 bytes)
1721236014.210452 sending message 105 to peer 0x138008000 (61 bytes)
1721236014.210457 sending message 105 to peer 0x138008000 (86 bytes)
1721236014.210461 sending message 105 to peer 0x138008000 (25 bytes)
1721236014.210465 sending message 105 to peer 0x138008000 (42 bytes)
1721236014.210469 sending message 105 to peer 0x138008000 (35 bytes)
1721236014.210473 sending message 105 to peer 0x138008000 (83 bytes)
1721236014.210477 sending message 105 to peer 0x138008000 (66 bytes)
1721236014.210482 sending message 105 to peer 0x138008000 (52 bytes)
1721236014.210486 sending message 105 to peer 0x138008000 (30 bytes)
1721236014.210490 sending message 105 to peer 0x138008000 (21 bytes)
1721236014.210494 sending message 105 to peer 0x138008000 (30 bytes)
1721236014.210498 sending message 105 to peer 0x138008000 (68 bytes)
1721236014.210502 sending message 105 to peer 0x138008000 (13 bytes)
1721236014.210507 sending message 105 to peer 0x138008000 (194 bytes)
1721236014.210511 sending message 105 to peer 0x138008000 (22 bytes)
1721236014.210515 sending message 105 to peer 0x138008000 (17 bytes)
1721236014.210519 sending message 105 to peer 0x138008000 (20 bytes)
1721236014.210523 sending message 105 to peer 0x138008000 (76 bytes)
1721236014.210528 sending message 105 to peer 0x138008000 (57 bytes)
1721236014.210532 sending message 105 to peer 0x138008000 (35 bytes)
1721236014.210536 sending message 105 to peer 0x138008000 (38 bytes)
1721236014.210548 sending message 105 to peer 0x138008000 (86 bytes)
1721236014.210553 sending message 105 to peer 0x138008000 (60 bytes)
1721236014.210557 sending message 105 to peer 0x138008000 (25 bytes)
1721236014.210561 sending message 105 to peer 0x138008000 (21 bytes)
1721236014.210565 sending message 105 to peer 0x138008000 (10 bytes)
1721236014.210569 sending message 105 to peer 0x138008000 (14 bytes)
1721236014.210574 sending message 105 to peer 0x138008000 (37 bytes)
1721236014.210578 sending message 105 to peer 0x138008000 (8 bytes)
1721236014.210582 sending message 105 to peer 0x138008000 (14 bytes)
1721236014.210586 sending message 105 to peer 0x138008000 (34 bytes)
1721236014.210590 sending message 105 to peer 0x138008000 (19 bytes)
1721236014.210594 sending message 105 to peer 0x138008000 (19 bytes)
1721236014.210598 sending message 105 to peer 0x138008000 (176 bytes)
1721236014.210603 sending message 105 to peer 0x138008000 (1073 bytes)
1721236014.210607 sending message 105 to peer 0x138008000 (82 bytes)
1721236014.210612 sending message 105 to peer 0x138008000 (52 bytes)
1721236014.210616 sending message 105 to peer 0x138008000 (31 bytes)
1721236014.210620 sending message 105 to peer 0x138008000 (19 bytes)
1721236014.210624 sending message 105 to peer 0x138008000 (39 bytes)
1721236014.210628 sending message 105 to peer 0x138008000 (18 bytes)
1721236014.210632 sending message 105 to peer 0x138008000 (25 bytes)
1721236014.210636 sending message 106 to peer 0x138008000 (0 bytes)
1721236014.210698 sending message 200 to peer 0x138008000 (4 bytes)
1721236014.210704 client loop enter
1721236014.210960 peer 0x138008000 message 303
1721236014.210973 open write file 2 -
1721236014.210986 sending message 305 to peer 0x138008000 (8 bytes)
1721236014.211001 write check file 2
1721236014.211051 peer 0x138008000 message 304
1721236014.211058 write 58 to file 2
1721236014.211064 peer 0x138008000 message 203
1721236014.211069 file 2 58 bytes left
1721236014.211084 write check file 2
1721236014.211089 client loop exit
